Analysis & Synthesis report for System
Fri Dec  5 00:28:44 2025
Quartus Prime Version 23.1std.1 Build 993 05/14/2024 SC Lite Edition


---------------------
; Table of Contents ;
---------------------
  1. Legal Notice
  2. Analysis & Synthesis Summary
  3. Analysis & Synthesis Settings
  4. Parallel Compilation
  5. Analysis & Synthesis Source Files Read
  6. Analysis & Synthesis Resource Usage Summary
  7. Analysis & Synthesis Resource Utilization by Entity
  8. State Machine - |System|FSM:U_FSM|CS
  9. Registers Removed During Synthesis
 10. General Register Statistics
 11. Multiplexer Restructuring Statistics (Restructuring Performed)
 12. Parameter Settings for User Entity Instance: CPU:U_CPU|arithmetic_control:U_AC|D_flip_flop:U_DFF1
 13. Parameter Settings for User Entity Instance: CPU:U_CPU|arithmetic_control:U_AC|D_flip_flop:U_DFF2
 14. Parameter Settings for User Entity Instance: CPU:U_CPU|arithmetic_control:U_AC|D_flip_flop:U_DFF3
 15. Parameter Settings for User Entity Instance: CPU:U_CPU|arithmetic_control:U_AC|comparator:U_COMP
 16. Parameter Settings for User Entity Instance: CPU:U_CPU|arithmetic_control:U_AC|Demux_1x2:U_DEMUX
 17. Parameter Settings for User Entity Instance: CPU:U_CPU|arithmetic_control:U_AC|Mux_2x1:U_MUX
 18. Parameter Settings for User Entity Instance: CPU:U_CPU|arithmetic_control:U_AC|D_flip_flop:U_DFF5
 19. Parameter Settings for User Entity Instance: CPU:U_CPU|arithmetic_control:U_AC|D_flip_flop:U_DFFALU1
 20. Parameter Settings for User Entity Instance: CPU:U_CPU|arithmetic_control:U_AC|ALU:U_ALU
 21. Parameter Settings for User Entity Instance: CPU:U_CPU|barramento:U_REG|reg_8bit:P0
 22. Parameter Settings for User Entity Instance: CPU:U_CPU|barramento:U_REG|reg_8bit:P1
 23. Parameter Settings for User Entity Instance: CPU:U_CPU|barramento:U_REG|reg_8bit:P2
 24. Parameter Settings for User Entity Instance: CPU:U_CPU|barramento:U_REG|reg_8bit:P3
 25. Parameter Settings for User Entity Instance: CPU:U_CPU|barramento:U_REG|reg_8bit:P4
 26. Parameter Settings for User Entity Instance: CPU:U_CPU|barramento:U_REG|reg_8bit:P5
 27. Parameter Settings for User Entity Instance: CPU:U_CPU|barramento:U_REG|reg_8bit:P6
 28. Parameter Settings for User Entity Instance: CPU:U_CPU|barramento:U_REG|reg_8bit:P7
 29. Port Connectivity Checks: "CPU:U_CPU|arithmetic_control:U_AC|D_flip_flop:U_DFFALU1"
 30. Port Connectivity Checks: "CPU:U_CPU|arithmetic_control:U_AC|D_flip_flop:U_DFF5"
 31. Port Connectivity Checks: "CPU:U_CPU|arithmetic_control:U_AC|Demux_1x2:U_DEMUX"
 32. Port Connectivity Checks: "CPU:U_CPU|arithmetic_control:U_AC|comparator:U_COMP"
 33. Port Connectivity Checks: "CPU:U_CPU|arithmetic_control:U_AC|D_flip_flop:U_DFF3"
 34. Port Connectivity Checks: "CPU:U_CPU|arithmetic_control:U_AC|D_flip_flop:U_DFF2"
 35. Port Connectivity Checks: "CPU:U_CPU|arithmetic_control:U_AC|D_flip_flop:U_DFF1"
 36. Port Connectivity Checks: "FSM:U_FSM"
 37. Post-Synthesis Netlist Statistics for Top Partition
 38. Elapsed Time Per Partition
 39. Analysis & Synthesis Messages



----------------
; Legal Notice ;
----------------
Copyright (C) 2024  Intel Corporation. All rights reserved.
Your use of Intel Corporation's design tools, logic functions 
and other software and tools, and any partner logic 
functions, and any output files from any of the foregoing 
(including device programming or simulation files), and any 
associated documentation or information are expressly subject 
to the terms and conditions of the Intel Program License 
Subscription Agreement, the Intel Quartus Prime License Agreement,
the Intel FPGA IP License Agreement, or other applicable license
agreement, including, without limitation, that your use is for
the sole purpose of programming logic devices manufactured by
Intel and sold by Intel or its authorized distributors.  Please
refer to the applicable agreement for further details, at
https://fpgasoftware.intel.com/eula.



+-------------------------------------------------------------------------------------+
; Analysis & Synthesis Summary                                                        ;
+------------------------------------+------------------------------------------------+
; Analysis & Synthesis Status        ; Successful - Fri Dec  5 00:28:44 2025          ;
; Quartus Prime Version              ; 23.1std.1 Build 993 05/14/2024 SC Lite Edition ;
; Revision Name                      ; System                                         ;
; Top-level Entity Name              ; System                                         ;
; Family                             ; MAX 10                                         ;
; Total logic elements               ; 214                                            ;
;     Total combinational functions  ; 136                                            ;
;     Dedicated logic registers      ; 91                                             ;
; Total registers                    ; 91                                             ;
; Total pins                         ; 24                                             ;
; Total virtual pins                 ; 0                                              ;
; Total memory bits                  ; 0                                              ;
; Embedded Multiplier 9-bit elements ; 0                                              ;
; Total PLLs                         ; 0                                              ;
; UFM blocks                         ; 0                                              ;
; ADC blocks                         ; 0                                              ;
+------------------------------------+------------------------------------------------+


+------------------------------------------------------------------------------------------------------------+
; Analysis & Synthesis Settings                                                                              ;
+------------------------------------------------------------------+--------------------+--------------------+
; Option                                                           ; Setting            ; Default Value      ;
+------------------------------------------------------------------+--------------------+--------------------+
; Device                                                           ; 10M50DAF484C7G     ;                    ;
; Top-level entity name                                            ; System             ; System             ;
; Family name                                                      ; MAX 10             ; Cyclone V          ;
; Use smart compilation                                            ; Off                ; Off                ;
; Enable parallel Assembler and Timing Analyzer during compilation ; On                 ; On                 ;
; Enable compact report table                                      ; Off                ; Off                ;
; Restructure Multiplexers                                         ; Auto               ; Auto               ;
; Create Debugging Nodes for IP Cores                              ; Off                ; Off                ;
; Preserve fewer node names                                        ; On                 ; On                 ;
; Intel FPGA IP Evaluation Mode                                    ; Enable             ; Enable             ;
; Verilog Version                                                  ; Verilog_2001       ; Verilog_2001       ;
; VHDL Version                                                     ; VHDL_1993          ; VHDL_1993          ;
; State Machine Processing                                         ; Auto               ; Auto               ;
; Safe State Machine                                               ; Off                ; Off                ;
; Extract Verilog State Machines                                   ; On                 ; On                 ;
; Extract VHDL State Machines                                      ; On                 ; On                 ;
; Ignore Verilog initial constructs                                ; Off                ; Off                ;
; Iteration limit for constant Verilog loops                       ; 5000               ; 5000               ;
; Iteration limit for non-constant Verilog loops                   ; 250                ; 250                ;
; Add Pass-Through Logic to Inferred RAMs                          ; On                 ; On                 ;
; Infer RAMs from Raw Logic                                        ; On                 ; On                 ;
; Parallel Synthesis                                               ; On                 ; On                 ;
; DSP Block Balancing                                              ; Auto               ; Auto               ;
; NOT Gate Push-Back                                               ; On                 ; On                 ;
; Power-Up Don't Care                                              ; On                 ; On                 ;
; Remove Redundant Logic Cells                                     ; Off                ; Off                ;
; Remove Duplicate Registers                                       ; On                 ; On                 ;
; Ignore CARRY Buffers                                             ; Off                ; Off                ;
; Ignore CASCADE Buffers                                           ; Off                ; Off                ;
; Ignore GLOBAL Buffers                                            ; Off                ; Off                ;
; Ignore ROW GLOBAL Buffers                                        ; Off                ; Off                ;
; Ignore LCELL Buffers                                             ; Off                ; Off                ;
; Ignore SOFT Buffers                                              ; On                 ; On                 ;
; Limit AHDL Integers to 32 Bits                                   ; Off                ; Off                ;
; Optimization Technique                                           ; Balanced           ; Balanced           ;
; Carry Chain Length                                               ; 70                 ; 70                 ;
; Auto Carry Chains                                                ; On                 ; On                 ;
; Auto Open-Drain Pins                                             ; On                 ; On                 ;
; Perform WYSIWYG Primitive Resynthesis                            ; Off                ; Off                ;
; Auto ROM Replacement                                             ; On                 ; On                 ;
; Auto RAM Replacement                                             ; On                 ; On                 ;
; Auto DSP Block Replacement                                       ; On                 ; On                 ;
; Auto Shift Register Replacement                                  ; Auto               ; Auto               ;
; Allow Shift Register Merging across Hierarchies                  ; Auto               ; Auto               ;
; Auto Clock Enable Replacement                                    ; On                 ; On                 ;
; Strict RAM Replacement                                           ; Off                ; Off                ;
; Allow Synchronous Control Signals                                ; On                 ; On                 ;
; Force Use of Synchronous Clear Signals                           ; Off                ; Off                ;
; Auto RAM Block Balancing                                         ; On                 ; On                 ;
; Auto RAM to Logic Cell Conversion                                ; Off                ; Off                ;
; Auto Resource Sharing                                            ; Off                ; Off                ;
; Allow Any RAM Size For Recognition                               ; Off                ; Off                ;
; Allow Any ROM Size For Recognition                               ; Off                ; Off                ;
; Allow Any Shift Register Size For Recognition                    ; Off                ; Off                ;
; Use LogicLock Constraints during Resource Balancing              ; On                 ; On                 ;
; Ignore translate_off and synthesis_off directives                ; Off                ; Off                ;
; Timing-Driven Synthesis                                          ; On                 ; On                 ;
; Report Parameter Settings                                        ; On                 ; On                 ;
; Report Source Assignments                                        ; On                 ; On                 ;
; Report Connectivity Checks                                       ; On                 ; On                 ;
; Ignore Maximum Fan-Out Assignments                               ; Off                ; Off                ;
; Synchronization Register Chain Length                            ; 2                  ; 2                  ;
; Power Optimization During Synthesis                              ; Normal compilation ; Normal compilation ;
; HDL message level                                                ; Level2             ; Level2             ;
; Suppress Register Optimization Related Messages                  ; Off                ; Off                ;
; Number of Removed Registers Reported in Synthesis Report         ; 5000               ; 5000               ;
; Number of Swept Nodes Reported in Synthesis Report               ; 5000               ; 5000               ;
; Number of Inverted Registers Reported in Synthesis Report        ; 100                ; 100                ;
; Clock MUX Protection                                             ; On                 ; On                 ;
; Auto Gated Clock Conversion                                      ; Off                ; Off                ;
; Block Design Naming                                              ; Auto               ; Auto               ;
; SDC constraint protection                                        ; Off                ; Off                ;
; Synthesis Effort                                                 ; Auto               ; Auto               ;
; Shift Register Replacement - Allow Asynchronous Clear Signal     ; On                 ; On                 ;
; Pre-Mapping Resynthesis Optimization                             ; Off                ; Off                ;
; Analysis & Synthesis Message Level                               ; Medium             ; Medium             ;
; Disable Register Merging Across Hierarchies                      ; Auto               ; Auto               ;
; Resource Aware Inference For Block RAM                           ; On                 ; On                 ;
+------------------------------------------------------------------+--------------------+--------------------+


+------------------------------------------+
; Parallel Compilation                     ;
+----------------------------+-------------+
; Processors                 ; Number      ;
+----------------------------+-------------+
; Number detected on machine ; 8           ;
; Maximum allowed            ; 8           ;
;                            ;             ;
; Average used               ; 1.00        ;
; Maximum used               ; 8           ;
;                            ;             ;
; Usage by Processor         ; % Time Used ;
;     Processor 1            ; 100.0%      ;
;     Processors 2-8         ;   0.0%      ;
+----------------------------+-------------+


+---------------------------------------------------------------------------------------------------------------------------------------------------------------------------------------------------------------------+
; Analysis & Synthesis Source Files Read                                                                                                                                                                              ;
+---------------------------------------------------------+-----------------+-----------------+-------------------------------------------------------------------------------------------------------------+---------+
; File Name with User-Entered Path                        ; Used in Netlist ; File Type       ; File Name with Absolute Path                                                                                ; Library ;
+---------------------------------------------------------+-----------------+-----------------+-------------------------------------------------------------------------------------------------------------+---------+
; ../Structural/barramento/barramento.vhd                 ; yes             ; User VHDL File  ; /home/paula/github/Laboratorio-de-Sistemas-Digitais/TP/Structural/barramento/barramento.vhd                 ;         ;
; ../Structural/CPU/CPU.vhd                               ; yes             ; User VHDL File  ; /home/paula/github/Laboratorio-de-Sistemas-Digitais/TP/Structural/CPU/CPU.vhd                               ;         ;
; ../Structural/FSM/FSM.vhd                               ; yes             ; User VHDL File  ; /home/paula/github/Laboratorio-de-Sistemas-Digitais/TP/Structural/FSM/FSM.vhd                               ;         ;
; ../Structural/Components/reg_8bit/reg_8bit.vhd          ; yes             ; User VHDL File  ; /home/paula/github/Laboratorio-de-Sistemas-Digitais/TP/Structural/Components/reg_8bit/reg_8bit.vhd          ;         ;
; ../Structural/Components/Mux_2x1/Mux_2x1.vhd            ; yes             ; User VHDL File  ; /home/paula/github/Laboratorio-de-Sistemas-Digitais/TP/Structural/Components/Mux_2x1/Mux_2x1.vhd            ;         ;
; ../Structural/Components/Demux_1x2/Demux_1x2.vhd        ; yes             ; User VHDL File  ; /home/paula/github/Laboratorio-de-Sistemas-Digitais/TP/Structural/Components/Demux_1x2/Demux_1x2.vhd        ;         ;
; ../Structural/Components/D_flip_flop/D_flip_flop.vhd    ; yes             ; User VHDL File  ; /home/paula/github/Laboratorio-de-Sistemas-Digitais/TP/Structural/Components/D_flip_flop/D_flip_flop.vhd    ;         ;
; ../Structural/Components/comparator/comparator.vhd      ; yes             ; User VHDL File  ; /home/paula/github/Laboratorio-de-Sistemas-Digitais/TP/Structural/Components/comparator/comparator.vhd      ;         ;
; ../Structural/Components/ALU/ALU.vhd                    ; yes             ; User VHDL File  ; /home/paula/github/Laboratorio-de-Sistemas-Digitais/TP/Structural/Components/ALU/ALU.vhd                    ;         ;
; ../Structural/arithmetic_control/arithmetic_control.vhd ; yes             ; User VHDL File  ; /home/paula/github/Laboratorio-de-Sistemas-Digitais/TP/Structural/arithmetic_control/arithmetic_control.vhd ;         ;
; System.vhd                                              ; yes             ; User VHDL File  ; /home/paula/github/Laboratorio-de-Sistemas-Digitais/TP/System/System.vhd                                    ;         ;
+---------------------------------------------------------+-----------------+-----------------+-------------------------------------------------------------------------------------------------------------+---------+


+---------------------------------------------------------+
; Analysis & Synthesis Resource Usage Summary             ;
+---------------------------------------------+-----------+
; Resource                                    ; Usage     ;
+---------------------------------------------+-----------+
; Estimated Total logic elements              ; 214       ;
;                                             ;           ;
; Total combinational functions               ; 136       ;
; Logic element usage by number of LUT inputs ;           ;
;     -- 4 input functions                    ; 96        ;
;     -- 3 input functions                    ; 24        ;
;     -- <=2 input functions                  ; 16        ;
;                                             ;           ;
; Logic elements by mode                      ;           ;
;     -- normal mode                          ; 128       ;
;     -- arithmetic mode                      ; 8         ;
;                                             ;           ;
; Total registers                             ; 91        ;
;     -- Dedicated logic registers            ; 91        ;
;     -- I/O registers                        ; 0         ;
;                                             ;           ;
; I/O pins                                    ; 24        ;
;                                             ;           ;
; Embedded Multiplier 9-bit elements          ; 0         ;
;                                             ;           ;
; Maximum fan-out node                        ; CLK~input ;
; Maximum fan-out                             ; 91        ;
; Total fan-out                               ; 790       ;
; Average fan-out                             ; 2.87      ;
+---------------------------------------------+-----------+


+---------------------------------------------------------------------------------------------------------------------------------------------------------------------------------------------------------------------------------------------------------------------------------------------+
; Analysis & Synthesis Resource Utilization by Entity                                                                                                                                                                                                                                         ;
+----------------------------------+---------------------+---------------------------+-------------+------------+--------------+---------+-----------+------+--------------+------------+-----------------------------------------------------------------+--------------------+--------------+
; Compilation Hierarchy Node       ; Combinational ALUTs ; Dedicated Logic Registers ; Memory Bits ; UFM Blocks ; DSP Elements ; DSP 9x9 ; DSP 18x18 ; Pins ; Virtual Pins ; ADC blocks ; Full Hierarchy Name                                             ; Entity Name        ; Library Name ;
+----------------------------------+---------------------+---------------------------+-------------+------------+--------------+---------+-----------+------+--------------+------------+-----------------------------------------------------------------+--------------------+--------------+
; |System                          ; 136 (3)             ; 91 (0)                    ; 0           ; 0          ; 0            ; 0       ; 0         ; 24   ; 0            ; 0          ; |System                                                         ; System             ; work         ;
;    |CPU:U_CPU|                   ; 131 (0)             ; 89 (0)                    ; 0           ; 0          ; 0            ; 0       ; 0         ; 0    ; 0            ; 0          ; |System|CPU:U_CPU                                               ; CPU                ; work         ;
;       |arithmetic_control:U_AC|  ; 110 (56)            ; 25 (0)                    ; 0           ; 0          ; 0            ; 0       ; 0         ; 0    ; 0            ; 0          ; |System|CPU:U_CPU|arithmetic_control:U_AC                       ; arithmetic_control ; work         ;
;          |ALU:U_ALU|             ; 49 (49)             ; 0 (0)                     ; 0           ; 0          ; 0            ; 0       ; 0         ; 0    ; 0            ; 0          ; |System|CPU:U_CPU|arithmetic_control:U_AC|ALU:U_ALU             ; ALU                ; work         ;
;          |D_flip_flop:U_DFF1|    ; 0 (0)               ; 3 (3)                     ; 0           ; 0          ; 0            ; 0       ; 0         ; 0    ; 0            ; 0          ; |System|CPU:U_CPU|arithmetic_control:U_AC|D_flip_flop:U_DFF1    ; D_flip_flop        ; work         ;
;          |D_flip_flop:U_DFF2|    ; 0 (0)               ; 8 (8)                     ; 0           ; 0          ; 0            ; 0       ; 0         ; 0    ; 0            ; 0          ; |System|CPU:U_CPU|arithmetic_control:U_AC|D_flip_flop:U_DFF2    ; D_flip_flop        ; work         ;
;          |D_flip_flop:U_DFF3|    ; 0 (0)               ; 3 (3)                     ; 0           ; 0          ; 0            ; 0       ; 0         ; 0    ; 0            ; 0          ; |System|CPU:U_CPU|arithmetic_control:U_AC|D_flip_flop:U_DFF3    ; D_flip_flop        ; work         ;
;          |D_flip_flop:U_DFF5|    ; 0 (0)               ; 8 (8)                     ; 0           ; 0          ; 0            ; 0       ; 0         ; 0    ; 0            ; 0          ; |System|CPU:U_CPU|arithmetic_control:U_AC|D_flip_flop:U_DFF5    ; D_flip_flop        ; work         ;
;          |D_flip_flop:U_DFFALU1| ; 0 (0)               ; 3 (3)                     ; 0           ; 0          ; 0            ; 0       ; 0         ; 0    ; 0            ; 0          ; |System|CPU:U_CPU|arithmetic_control:U_AC|D_flip_flop:U_DFFALU1 ; D_flip_flop        ; work         ;
;          |Mux_2x1:U_MUX|         ; 4 (4)               ; 0 (0)                     ; 0           ; 0          ; 0            ; 0       ; 0         ; 0    ; 0            ; 0          ; |System|CPU:U_CPU|arithmetic_control:U_AC|Mux_2x1:U_MUX         ; Mux_2x1            ; work         ;
;          |comparator:U_COMP|     ; 1 (1)               ; 0 (0)                     ; 0           ; 0          ; 0            ; 0       ; 0         ; 0    ; 0            ; 0          ; |System|CPU:U_CPU|arithmetic_control:U_AC|comparator:U_COMP     ; comparator         ; work         ;
;       |barramento:U_REG|         ; 21 (0)              ; 64 (0)                    ; 0           ; 0          ; 0            ; 0       ; 0         ; 0    ; 0            ; 0          ; |System|CPU:U_CPU|barramento:U_REG                              ; barramento         ; work         ;
;          |reg_8bit:P0|           ; 3 (3)               ; 8 (8)                     ; 0           ; 0          ; 0            ; 0       ; 0         ; 0    ; 0            ; 0          ; |System|CPU:U_CPU|barramento:U_REG|reg_8bit:P0                  ; reg_8bit           ; work         ;
;          |reg_8bit:P1|           ; 2 (2)               ; 8 (8)                     ; 0           ; 0          ; 0            ; 0       ; 0         ; 0    ; 0            ; 0          ; |System|CPU:U_CPU|barramento:U_REG|reg_8bit:P1                  ; reg_8bit           ; work         ;
;          |reg_8bit:P2|           ; 3 (3)               ; 8 (8)                     ; 0           ; 0          ; 0            ; 0       ; 0         ; 0    ; 0            ; 0          ; |System|CPU:U_CPU|barramento:U_REG|reg_8bit:P2                  ; reg_8bit           ; work         ;
;          |reg_8bit:P3|           ; 3 (3)               ; 8 (8)                     ; 0           ; 0          ; 0            ; 0       ; 0         ; 0    ; 0            ; 0          ; |System|CPU:U_CPU|barramento:U_REG|reg_8bit:P3                  ; reg_8bit           ; work         ;
;          |reg_8bit:P4|           ; 2 (2)               ; 8 (8)                     ; 0           ; 0          ; 0            ; 0       ; 0         ; 0    ; 0            ; 0          ; |System|CPU:U_CPU|barramento:U_REG|reg_8bit:P4                  ; reg_8bit           ; work         ;
;          |reg_8bit:P5|           ; 3 (3)               ; 8 (8)                     ; 0           ; 0          ; 0            ; 0       ; 0         ; 0    ; 0            ; 0          ; |System|CPU:U_CPU|barramento:U_REG|reg_8bit:P5                  ; reg_8bit           ; work         ;
;          |reg_8bit:P6|           ; 2 (2)               ; 8 (8)                     ; 0           ; 0          ; 0            ; 0       ; 0         ; 0    ; 0            ; 0          ; |System|CPU:U_CPU|barramento:U_REG|reg_8bit:P6                  ; reg_8bit           ; work         ;
;          |reg_8bit:P7|           ; 3 (3)               ; 8 (8)                     ; 0           ; 0          ; 0            ; 0       ; 0         ; 0    ; 0            ; 0          ; |System|CPU:U_CPU|barramento:U_REG|reg_8bit:P7                  ; reg_8bit           ; work         ;
;    |FSM:U_FSM|                   ; 2 (2)               ; 2 (2)                     ; 0           ; 0          ; 0            ; 0       ; 0         ; 0    ; 0            ; 0          ; |System|FSM:U_FSM                                               ; FSM                ; work         ;
+----------------------------------+---------------------+---------------------------+-------------+------------+--------------+---------+-----------+------+--------------+------------+-----------------------------------------------------------------+--------------------+--------------+
Note: For table entries with two numbers listed, the numbers in parentheses indicate the number of resources of the given type used by the specific entity alone. The numbers listed outside of parentheses indicate the total resources of the given type used by the specific entity and all of its sub-entities in the hierarchy.


Encoding Type:  One-Hot
+----------------------------------------------------+
; State Machine - |System|FSM:U_FSM|CS               ;
+--------------+--------------+----------+-----------+
; Name         ; CS.ALU_STATE ; CS.STORE ; CS.DECODE ;
+--------------+--------------+----------+-----------+
; CS.DECODE    ; 0            ; 0        ; 0         ;
; CS.STORE     ; 0            ; 1        ; 1         ;
; CS.ALU_STATE ; 1            ; 0        ; 1         ;
+--------------+--------------+----------+-----------+


+------------------------------------------------------------+
; Registers Removed During Synthesis                         ;
+---------------------------------------+--------------------+
; Register name                         ; Reason for Removal ;
+---------------------------------------+--------------------+
; FSM:U_FSM|CS.ALU_STATE                ; Lost fanout        ;
; Total Number of Removed Registers = 1 ;                    ;
+---------------------------------------+--------------------+


+------------------------------------------------------+
; General Register Statistics                          ;
+----------------------------------------------+-------+
; Statistic                                    ; Value ;
+----------------------------------------------+-------+
; Total registers                              ; 91    ;
; Number of registers using Synchronous Clear  ; 0     ;
; Number of registers using Synchronous Load   ; 0     ;
; Number of registers using Asynchronous Clear ; 25    ;
; Number of registers using Asynchronous Load  ; 0     ;
; Number of registers using Clock Enable       ; 64    ;
; Number of registers using Preset             ; 0     ;
+----------------------------------------------+-------+


+------------------------------------------------------------------------------------------------------------------------------------------------------------------------+
; Multiplexer Restructuring Statistics (Restructuring Performed)                                                                                                         ;
+--------------------+-----------+---------------+----------------------+------------------------+------------+----------------------------------------------------------+
; Multiplexer Inputs ; Bus Width ; Baseline Area ; Area if Restructured ; Saving if Restructured ; Registered ; Example Multiplexer Output                               ;
+--------------------+-----------+---------------+----------------------+------------------------+------------+----------------------------------------------------------+
; 6:1                ; 7 bits    ; 28 LEs        ; 28 LEs               ; 0 LEs                  ; No         ; |System|CPU:U_CPU|arithmetic_control:U_AC|ALU:U_ALU|Mux6 ;
+--------------------+-----------+---------------+----------------------+------------------------+------------+----------------------------------------------------------+


+---------------------------------------------------------------------------------------------------+
; Parameter Settings for User Entity Instance: CPU:U_CPU|arithmetic_control:U_AC|D_flip_flop:U_DFF1 ;
+----------------+-------+--------------------------------------------------------------------------+
; Parameter Name ; Value ; Type                                                                     ;
+----------------+-------+--------------------------------------------------------------------------+
; w              ; 3     ; Signed Integer                                                           ;
+----------------+-------+--------------------------------------------------------------------------+
Note: In order to hide this table in the UI and the text report file, please set the "Show Parameter Settings in Synthesis Report" option in "Analysis and Synthesis Settings -> More Settings" to "Off".


+---------------------------------------------------------------------------------------------------+
; Parameter Settings for User Entity Instance: CPU:U_CPU|arithmetic_control:U_AC|D_flip_flop:U_DFF2 ;
+----------------+-------+--------------------------------------------------------------------------+
; Parameter Name ; Value ; Type                                                                     ;
+----------------+-------+--------------------------------------------------------------------------+
; w              ; 8     ; Signed Integer                                                           ;
+----------------+-------+--------------------------------------------------------------------------+
Note: In order to hide this table in the UI and the text report file, please set the "Show Parameter Settings in Synthesis Report" option in "Analysis and Synthesis Settings -> More Settings" to "Off".


+---------------------------------------------------------------------------------------------------+
; Parameter Settings for User Entity Instance: CPU:U_CPU|arithmetic_control:U_AC|D_flip_flop:U_DFF3 ;
+----------------+-------+--------------------------------------------------------------------------+
; Parameter Name ; Value ; Type                                                                     ;
+----------------+-------+--------------------------------------------------------------------------+
; w              ; 3     ; Signed Integer                                                           ;
+----------------+-------+--------------------------------------------------------------------------+
Note: In order to hide this table in the UI and the text report file, please set the "Show Parameter Settings in Synthesis Report" option in "Analysis and Synthesis Settings -> More Settings" to "Off".


+--------------------------------------------------------------------------------------------------+
; Parameter Settings for User Entity Instance: CPU:U_CPU|arithmetic_control:U_AC|comparator:U_COMP ;
+----------------+-------+-------------------------------------------------------------------------+
; Parameter Name ; Value ; Type                                                                    ;
+----------------+-------+-------------------------------------------------------------------------+
; w              ; 3     ; Signed Integer                                                          ;
+----------------+-------+-------------------------------------------------------------------------+
Note: In order to hide this table in the UI and the text report file, please set the "Show Parameter Settings in Synthesis Report" option in "Analysis and Synthesis Settings -> More Settings" to "Off".


+--------------------------------------------------------------------------------------------------+
; Parameter Settings for User Entity Instance: CPU:U_CPU|arithmetic_control:U_AC|Demux_1x2:U_DEMUX ;
+----------------+-------+-------------------------------------------------------------------------+
; Parameter Name ; Value ; Type                                                                    ;
+----------------+-------+-------------------------------------------------------------------------+
; w              ; 8     ; Signed Integer                                                          ;
+----------------+-------+-------------------------------------------------------------------------+
Note: In order to hide this table in the UI and the text report file, please set the "Show Parameter Settings in Synthesis Report" option in "Analysis and Synthesis Settings -> More Settings" to "Off".


+----------------------------------------------------------------------------------------------+
; Parameter Settings for User Entity Instance: CPU:U_CPU|arithmetic_control:U_AC|Mux_2x1:U_MUX ;
+----------------+-------+---------------------------------------------------------------------+
; Parameter Name ; Value ; Type                                                                ;
+----------------+-------+---------------------------------------------------------------------+
; w              ; 3     ; Signed Integer                                                      ;
+----------------+-------+---------------------------------------------------------------------+
Note: In order to hide this table in the UI and the text report file, please set the "Show Parameter Settings in Synthesis Report" option in "Analysis and Synthesis Settings -> More Settings" to "Off".


+---------------------------------------------------------------------------------------------------+
; Parameter Settings for User Entity Instance: CPU:U_CPU|arithmetic_control:U_AC|D_flip_flop:U_DFF5 ;
+----------------+-------+--------------------------------------------------------------------------+
; Parameter Name ; Value ; Type                                                                     ;
+----------------+-------+--------------------------------------------------------------------------+
; w              ; 8     ; Signed Integer                                                           ;
+----------------+-------+--------------------------------------------------------------------------+
Note: In order to hide this table in the UI and the text report file, please set the "Show Parameter Settings in Synthesis Report" option in "Analysis and Synthesis Settings -> More Settings" to "Off".


+------------------------------------------------------------------------------------------------------+
; Parameter Settings for User Entity Instance: CPU:U_CPU|arithmetic_control:U_AC|D_flip_flop:U_DFFALU1 ;
+----------------+-------+-----------------------------------------------------------------------------+
; Parameter Name ; Value ; Type                                                                        ;
+----------------+-------+-----------------------------------------------------------------------------+
; w              ; 3     ; Signed Integer                                                              ;
+----------------+-------+-----------------------------------------------------------------------------+
Note: In order to hide this table in the UI and the text report file, please set the "Show Parameter Settings in Synthesis Report" option in "Analysis and Synthesis Settings -> More Settings" to "Off".


+------------------------------------------------------------------------------------------+
; Parameter Settings for User Entity Instance: CPU:U_CPU|arithmetic_control:U_AC|ALU:U_ALU ;
+----------------+-------+-----------------------------------------------------------------+
; Parameter Name ; Value ; Type                                                            ;
+----------------+-------+-----------------------------------------------------------------+
; w              ; 8     ; Signed Integer                                                  ;
+----------------+-------+-----------------------------------------------------------------+
Note: In order to hide this table in the UI and the text report file, please set the "Show Parameter Settings in Synthesis Report" option in "Analysis and Synthesis Settings -> More Settings" to "Off".


+-------------------------------------------------------------------------------------+
; Parameter Settings for User Entity Instance: CPU:U_CPU|barramento:U_REG|reg_8bit:P0 ;
+----------------+-------+------------------------------------------------------------+
; Parameter Name ; Value ; Type                                                       ;
+----------------+-------+------------------------------------------------------------+
; faddr          ; 000   ; Unsigned Binary                                            ;
+----------------+-------+------------------------------------------------------------+
Note: In order to hide this table in the UI and the text report file, please set the "Show Parameter Settings in Synthesis Report" option in "Analysis and Synthesis Settings -> More Settings" to "Off".


+-------------------------------------------------------------------------------------+
; Parameter Settings for User Entity Instance: CPU:U_CPU|barramento:U_REG|reg_8bit:P1 ;
+----------------+-------+------------------------------------------------------------+
; Parameter Name ; Value ; Type                                                       ;
+----------------+-------+------------------------------------------------------------+
; faddr          ; 001   ; Unsigned Binary                                            ;
+----------------+-------+------------------------------------------------------------+
Note: In order to hide this table in the UI and the text report file, please set the "Show Parameter Settings in Synthesis Report" option in "Analysis and Synthesis Settings -> More Settings" to "Off".


+-------------------------------------------------------------------------------------+
; Parameter Settings for User Entity Instance: CPU:U_CPU|barramento:U_REG|reg_8bit:P2 ;
+----------------+-------+------------------------------------------------------------+
; Parameter Name ; Value ; Type                                                       ;
+----------------+-------+------------------------------------------------------------+
; faddr          ; 010   ; Unsigned Binary                                            ;
+----------------+-------+------------------------------------------------------------+
Note: In order to hide this table in the UI and the text report file, please set the "Show Parameter Settings in Synthesis Report" option in "Analysis and Synthesis Settings -> More Settings" to "Off".


+-------------------------------------------------------------------------------------+
; Parameter Settings for User Entity Instance: CPU:U_CPU|barramento:U_REG|reg_8bit:P3 ;
+----------------+-------+------------------------------------------------------------+
; Parameter Name ; Value ; Type                                                       ;
+----------------+-------+------------------------------------------------------------+
; faddr          ; 011   ; Unsigned Binary                                            ;
+----------------+-------+------------------------------------------------------------+
Note: In order to hide this table in the UI and the text report file, please set the "Show Parameter Settings in Synthesis Report" option in "Analysis and Synthesis Settings -> More Settings" to "Off".


+-------------------------------------------------------------------------------------+
; Parameter Settings for User Entity Instance: CPU:U_CPU|barramento:U_REG|reg_8bit:P4 ;
+----------------+-------+------------------------------------------------------------+
; Parameter Name ; Value ; Type                                                       ;
+----------------+-------+------------------------------------------------------------+
; faddr          ; 100   ; Unsigned Binary                                            ;
+----------------+-------+------------------------------------------------------------+
Note: In order to hide this table in the UI and the text report file, please set the "Show Parameter Settings in Synthesis Report" option in "Analysis and Synthesis Settings -> More Settings" to "Off".


+-------------------------------------------------------------------------------------+
; Parameter Settings for User Entity Instance: CPU:U_CPU|barramento:U_REG|reg_8bit:P5 ;
+----------------+-------+------------------------------------------------------------+
; Parameter Name ; Value ; Type                                                       ;
+----------------+-------+------------------------------------------------------------+
; faddr          ; 101   ; Unsigned Binary                                            ;
+----------------+-------+------------------------------------------------------------+
Note: In order to hide this table in the UI and the text report file, please set the "Show Parameter Settings in Synthesis Report" option in "Analysis and Synthesis Settings -> More Settings" to "Off".


+-------------------------------------------------------------------------------------+
; Parameter Settings for User Entity Instance: CPU:U_CPU|barramento:U_REG|reg_8bit:P6 ;
+----------------+-------+------------------------------------------------------------+
; Parameter Name ; Value ; Type                                                       ;
+----------------+-------+------------------------------------------------------------+
; faddr          ; 110   ; Unsigned Binary                                            ;
+----------------+-------+------------------------------------------------------------+
Note: In order to hide this table in the UI and the text report file, please set the "Show Parameter Settings in Synthesis Report" option in "Analysis and Synthesis Settings -> More Settings" to "Off".


+-------------------------------------------------------------------------------------+
; Parameter Settings for User Entity Instance: CPU:U_CPU|barramento:U_REG|reg_8bit:P7 ;
+----------------+-------+------------------------------------------------------------+
; Parameter Name ; Value ; Type                                                       ;
+----------------+-------+------------------------------------------------------------+
; faddr          ; 111   ; Unsigned Binary                                            ;
+----------------+-------+------------------------------------------------------------+
Note: In order to hide this table in the UI and the text report file, please set the "Show Parameter Settings in Synthesis Report" option in "Analysis and Synthesis Settings -> More Settings" to "Off".


+----------------------------------------------------------------------------------------------------------------+
; Port Connectivity Checks: "CPU:U_CPU|arithmetic_control:U_AC|D_flip_flop:U_DFFALU1"                            ;
+------+--------+----------+-------------------------------------------------------------------------------------+
; Port ; Type   ; Severity ; Details                                                                             ;
+------+--------+----------+-------------------------------------------------------------------------------------+
; qn   ; Output ; Info     ; Connected to dangling logic. Logic that only feeds a dangling port will be removed. ;
+------+--------+----------+-------------------------------------------------------------------------------------+


+----------------------------------------------------------------------------------------------------------------+
; Port Connectivity Checks: "CPU:U_CPU|arithmetic_control:U_AC|D_flip_flop:U_DFF5"                               ;
+------+--------+----------+-------------------------------------------------------------------------------------+
; Port ; Type   ; Severity ; Details                                                                             ;
+------+--------+----------+-------------------------------------------------------------------------------------+
; qn   ; Output ; Info     ; Connected to dangling logic. Logic that only feeds a dangling port will be removed. ;
+------+--------+----------+-------------------------------------------------------------------------------------+


+--------------------------------------------------------------------------------------------------------------------+
; Port Connectivity Checks: "CPU:U_CPU|arithmetic_control:U_AC|Demux_1x2:U_DEMUX"                                    ;
+----------+--------+----------+-------------------------------------------------------------------------------------+
; Port     ; Type   ; Severity ; Details                                                                             ;
+----------+--------+----------+-------------------------------------------------------------------------------------+
; y1[7..3] ; Output ; Info     ; Connected to dangling logic. Logic that only feeds a dangling port will be removed. ;
+----------+--------+----------+-------------------------------------------------------------------------------------+


+---------------------------------------------------------------------------------+
; Port Connectivity Checks: "CPU:U_CPU|arithmetic_control:U_AC|comparator:U_COMP" ;
+------+-------+----------+-------------------------------------------------------+
; Port ; Type  ; Severity ; Details                                               ;
+------+-------+----------+-------------------------------------------------------+
; b    ; Input ; Info     ; Stuck at GND                                          ;
+------+-------+----------+-------------------------------------------------------+


+----------------------------------------------------------------------------------------------------------------+
; Port Connectivity Checks: "CPU:U_CPU|arithmetic_control:U_AC|D_flip_flop:U_DFF3"                               ;
+------+--------+----------+-------------------------------------------------------------------------------------+
; Port ; Type   ; Severity ; Details                                                                             ;
+------+--------+----------+-------------------------------------------------------------------------------------+
; qn   ; Output ; Info     ; Connected to dangling logic. Logic that only feeds a dangling port will be removed. ;
+------+--------+----------+-------------------------------------------------------------------------------------+


+----------------------------------------------------------------------------------------------------------------+
; Port Connectivity Checks: "CPU:U_CPU|arithmetic_control:U_AC|D_flip_flop:U_DFF2"                               ;
+------+--------+----------+-------------------------------------------------------------------------------------+
; Port ; Type   ; Severity ; Details                                                                             ;
+------+--------+----------+-------------------------------------------------------------------------------------+
; qn   ; Output ; Info     ; Connected to dangling logic. Logic that only feeds a dangling port will be removed. ;
+------+--------+----------+-------------------------------------------------------------------------------------+


+----------------------------------------------------------------------------------------------------------------+
; Port Connectivity Checks: "CPU:U_CPU|arithmetic_control:U_AC|D_flip_flop:U_DFF1"                               ;
+------+--------+----------+-------------------------------------------------------------------------------------+
; Port ; Type   ; Severity ; Details                                                                             ;
+------+--------+----------+-------------------------------------------------------------------------------------+
; qn   ; Output ; Info     ; Connected to dangling logic. Logic that only feeds a dangling port will be removed. ;
+------+--------+----------+-------------------------------------------------------------------------------------+


+------------------------------------------------------------------------------------------------------------------+
; Port Connectivity Checks: "FSM:U_FSM"                                                                            ;
+--------+--------+----------+-------------------------------------------------------------------------------------+
; Port   ; Type   ; Severity ; Details                                                                             ;
+--------+--------+----------+-------------------------------------------------------------------------------------+
; outalu ; Output ; Info     ; Connected to dangling logic. Logic that only feeds a dangling port will be removed. ;
+--------+--------+----------+-------------------------------------------------------------------------------------+


+-----------------------------------------------------+
; Post-Synthesis Netlist Statistics for Top Partition ;
+-----------------------+-----------------------------+
; Type                  ; Count                       ;
+-----------------------+-----------------------------+
; boundary_port         ; 24                          ;
; cycloneiii_ff         ; 91                          ;
;     CLR               ; 25                          ;
;     ENA               ; 64                          ;
;     plain             ; 2                           ;
; cycloneiii_lcell_comb ; 136                         ;
;     arith             ; 8                           ;
;         2 data inputs ; 1                           ;
;         3 data inputs ; 7                           ;
;     normal            ; 128                         ;
;         1 data inputs ; 1                           ;
;         2 data inputs ; 14                          ;
;         3 data inputs ; 17                          ;
;         4 data inputs ; 96                          ;
;                       ;                             ;
; Max LUT depth         ; 8.70                        ;
; Average LUT depth     ; 6.22                        ;
+-----------------------+-----------------------------+


+-------------------------------+
; Elapsed Time Per Partition    ;
+----------------+--------------+
; Partition Name ; Elapsed Time ;
+----------------+--------------+
; Top            ; 00:00:03     ;
+----------------+--------------+


+-------------------------------+
; Analysis & Synthesis Messages ;
+-------------------------------+
Info: *******************************************************************
Info: Running Quartus Prime Analysis & Synthesis
    Info: Version 23.1std.1 Build 993 05/14/2024 SC Lite Edition
    Info: Processing started: Fri Dec  5 00:28:28 2025
Info: Command: quartus_map --read_settings_files=on --write_settings_files=off System -c System
Warning (18236): Number of processors has not been specified which may cause overloading on shared machines.  Set the global assignment NUM_PARALLEL_PROCESSORS in your QSF to an appropriate value for best performance.
Info (20030): Parallel compilation is enabled and will use 8 of the 8 processors detected
Info (12021): Found 2 design units, including 1 entities, in source file /home/paula/github/Laboratorio-de-Sistemas-Digitais/TP/Structural/barramento/barramento.vhd
    Info (12022): Found design unit 1: barramento-structural File: /home/paula/github/Laboratorio-de-Sistemas-Digitais/TP/Structural/barramento/barramento.vhd Line: 13
    Info (12023): Found entity 1: barramento File: /home/paula/github/Laboratorio-de-Sistemas-Digitais/TP/Structural/barramento/barramento.vhd Line: 4
Info (12021): Found 2 design units, including 1 entities, in source file /home/paula/github/Laboratorio-de-Sistemas-Digitais/TP/Structural/CPU/CPU.vhd
    Info (12022): Found design unit 1: CPU-structural File: /home/paula/github/Laboratorio-de-Sistemas-Digitais/TP/Structural/CPU/CPU.vhd Line: 15
    Info (12023): Found entity 1: CPU File: /home/paula/github/Laboratorio-de-Sistemas-Digitais/TP/Structural/CPU/CPU.vhd Line: 4
Info (12021): Found 2 design units, including 1 entities, in source file /home/paula/github/Laboratorio-de-Sistemas-Digitais/TP/Structural/FSM/FSM.vhd
    Info (12022): Found design unit 1: FSM-behavioral File: /home/paula/github/Laboratorio-de-Sistemas-Digitais/TP/Structural/FSM/FSM.vhd Line: 13
    Info (12023): Found entity 1: FSM File: /home/paula/github/Laboratorio-de-Sistemas-Digitais/TP/Structural/FSM/FSM.vhd Line: 4
Info (12021): Found 2 design units, including 1 entities, in source file /home/paula/github/Laboratorio-de-Sistemas-Digitais/TP/Structural/Components/reg_8bit/reg_8bit.vhd
    Info (12022): Found design unit 1: reg_8bit-structural File: /home/paula/github/Laboratorio-de-Sistemas-Digitais/TP/Structural/Components/reg_8bit/reg_8bit.vhd Line: 16
    Info (12023): Found entity 1: reg_8bit File: /home/paula/github/Laboratorio-de-Sistemas-Digitais/TP/Structural/Components/reg_8bit/reg_8bit.vhd Line: 4
Info (12021): Found 2 design units, including 1 entities, in source file /home/paula/github/Laboratorio-de-Sistemas-Digitais/TP/Structural/Components/Mux_2x1/Mux_2x1.vhd
    Info (12022): Found design unit 1: Mux_2x1-data_flow File: /home/paula/github/Laboratorio-de-Sistemas-Digitais/TP/Structural/Components/Mux_2x1/Mux_2x1.vhd Line: 15
    Info (12023): Found entity 1: Mux_2x1 File: /home/paula/github/Laboratorio-de-Sistemas-Digitais/TP/Structural/Components/Mux_2x1/Mux_2x1.vhd Line: 4
Info (12021): Found 2 design units, including 1 entities, in source file /home/paula/github/Laboratorio-de-Sistemas-Digitais/TP/Structural/Components/Demux_1x2/Demux_1x2.vhd
    Info (12022): Found design unit 1: Demux_1x2-data_flow File: /home/paula/github/Laboratorio-de-Sistemas-Digitais/TP/Structural/Components/Demux_1x2/Demux_1x2.vhd Line: 15
    Info (12023): Found entity 1: Demux_1x2 File: /home/paula/github/Laboratorio-de-Sistemas-Digitais/TP/Structural/Components/Demux_1x2/Demux_1x2.vhd Line: 4
Info (12021): Found 2 design units, including 1 entities, in source file /home/paula/github/Laboratorio-de-Sistemas-Digitais/TP/Structural/Components/D_flip_flop/D_flip_flop.vhd
    Info (12022): Found design unit 1: D_flip_flop-behavourial File: /home/paula/github/Laboratorio-de-Sistemas-Digitais/TP/Structural/Components/D_flip_flop/D_flip_flop.vhd Line: 14
    Info (12023): Found entity 1: D_flip_flop File: /home/paula/github/Laboratorio-de-Sistemas-Digitais/TP/Structural/Components/D_flip_flop/D_flip_flop.vhd Line: 4
Info (12021): Found 2 design units, including 1 entities, in source file /home/paula/github/Laboratorio-de-Sistemas-Digitais/TP/Structural/Components/comparator/comparator.vhd
    Info (12022): Found design unit 1: comparator-data_flow File: /home/paula/github/Laboratorio-de-Sistemas-Digitais/TP/Structural/Components/comparator/comparator.vhd Line: 15
    Info (12023): Found entity 1: comparator File: /home/paula/github/Laboratorio-de-Sistemas-Digitais/TP/Structural/Components/comparator/comparator.vhd Line: 4
Info (12021): Found 2 design units, including 1 entities, in source file /home/paula/github/Laboratorio-de-Sistemas-Digitais/TP/Structural/Components/ALU/ALU.vhd
    Info (12022): Found design unit 1: ALU-data_flow File: /home/paula/github/Laboratorio-de-Sistemas-Digitais/TP/Structural/Components/ALU/ALU.vhd Line: 16
    Info (12023): Found entity 1: ALU File: /home/paula/github/Laboratorio-de-Sistemas-Digitais/TP/Structural/Components/ALU/ALU.vhd Line: 5
Info (12021): Found 2 design units, including 1 entities, in source file /home/paula/github/Laboratorio-de-Sistemas-Digitais/TP/Structural/arithmetic_control/arithmetic_control.vhd
    Info (12022): Found design unit 1: arithmetic_control-structural File: /home/paula/github/Laboratorio-de-Sistemas-Digitais/TP/Structural/arithmetic_control/arithmetic_control.vhd Line: 18
    Info (12023): Found entity 1: arithmetic_control File: /home/paula/github/Laboratorio-de-Sistemas-Digitais/TP/Structural/arithmetic_control/arithmetic_control.vhd Line: 4
Info (12021): Found 2 design units, including 1 entities, in source file tb_System.vhd
    Info (12022): Found design unit 1: tb_System-behavior File: /home/paula/github/Laboratorio-de-Sistemas-Digitais/TP/System/tb_System.vhd Line: 9
    Info (12023): Found entity 1: tb_System File: /home/paula/github/Laboratorio-de-Sistemas-Digitais/TP/System/tb_System.vhd Line: 5
Info (12021): Found 2 design units, including 1 entities, in source file System.vhd
    Info (12022): Found design unit 1: System-structural File: /home/paula/github/Laboratorio-de-Sistemas-Digitais/TP/System/System.vhd Line: 15
    Info (12023): Found entity 1: System File: /home/paula/github/Laboratorio-de-Sistemas-Digitais/TP/System/System.vhd Line: 4
Info (12127): Elaborating entity "System" for the top level hierarchy
Info (12128): Elaborating entity "FSM" for hierarchy "FSM:U_FSM" File: /home/paula/github/Laboratorio-de-Sistemas-Digitais/TP/System/System.vhd Line: 22
Warning (10541): VHDL Signal Declaration warning at FSM.vhd(9): used implicit default value for signal "outALU" because signal was never assigned a value or an explicit default value. Use of implicit default value may introduce unintended design optimizations. File: /home/paula/github/Laboratorio-de-Sistemas-Digitais/TP/Structural/FSM/FSM.vhd Line: 9
Info (12128): Elaborating entity "CPU" for hierarchy "CPU:U_CPU" File: /home/paula/github/Laboratorio-de-Sistemas-Digitais/TP/System/System.vhd Line: 31
Info (12128): Elaborating entity "arithmetic_control" for hierarchy "CPU:U_CPU|arithmetic_control:U_AC" File: /home/paula/github/Laboratorio-de-Sistemas-Digitais/TP/Structural/CPU/CPU.vhd Line: 20
Info (12128): Elaborating entity "D_flip_flop" for hierarchy "CPU:U_CPU|arithmetic_control:U_AC|D_flip_flop:U_DFF1" File: /home/paula/github/Laboratorio-de-Sistemas-Digitais/TP/Structural/arithmetic_control/arithmetic_control.vhd Line: 36
Info (12128): Elaborating entity "D_flip_flop" for hierarchy "CPU:U_CPU|arithmetic_control:U_AC|D_flip_flop:U_DFF2" File: /home/paula/github/Laboratorio-de-Sistemas-Digitais/TP/Structural/arithmetic_control/arithmetic_control.vhd Line: 40
Info (12128): Elaborating entity "comparator" for hierarchy "CPU:U_CPU|arithmetic_control:U_AC|comparator:U_COMP" File: /home/paula/github/Laboratorio-de-Sistemas-Digitais/TP/Structural/arithmetic_control/arithmetic_control.vhd Line: 48
Info (12128): Elaborating entity "Demux_1x2" for hierarchy "CPU:U_CPU|arithmetic_control:U_AC|Demux_1x2:U_DEMUX" File: /home/paula/github/Laboratorio-de-Sistemas-Digitais/TP/Structural/arithmetic_control/arithmetic_control.vhd Line: 55
Info (12128): Elaborating entity "Mux_2x1" for hierarchy "CPU:U_CPU|arithmetic_control:U_AC|Mux_2x1:U_MUX" File: /home/paula/github/Laboratorio-de-Sistemas-Digitais/TP/Structural/arithmetic_control/arithmetic_control.vhd Line: 72
Info (12128): Elaborating entity "ALU" for hierarchy "CPU:U_CPU|arithmetic_control:U_AC|ALU:U_ALU" File: /home/paula/github/Laboratorio-de-Sistemas-Digitais/TP/Structural/arithmetic_control/arithmetic_control.vhd Line: 85
Info (12128): Elaborating entity "barramento" for hierarchy "CPU:U_CPU|barramento:U_REG" File: /home/paula/github/Laboratorio-de-Sistemas-Digitais/TP/Structural/CPU/CPU.vhd Line: 33
Info (12128): Elaborating entity "reg_8bit" for hierarchy "CPU:U_CPU|barramento:U_REG|reg_8bit:P0" File: /home/paula/github/Laboratorio-de-Sistemas-Digitais/TP/Structural/barramento/barramento.vhd Line: 15
Info (12128): Elaborating entity "reg_8bit" for hierarchy "CPU:U_CPU|barramento:U_REG|reg_8bit:P1" File: /home/paula/github/Laboratorio-de-Sistemas-Digitais/TP/Structural/barramento/barramento.vhd Line: 19
Info (12128): Elaborating entity "reg_8bit" for hierarchy "CPU:U_CPU|barramento:U_REG|reg_8bit:P2" File: /home/paula/github/Laboratorio-de-Sistemas-Digitais/TP/Structural/barramento/barramento.vhd Line: 23
Info (12128): Elaborating entity "reg_8bit" for hierarchy "CPU:U_CPU|barramento:U_REG|reg_8bit:P3" File: /home/paula/github/Laboratorio-de-Sistemas-Digitais/TP/Structural/barramento/barramento.vhd Line: 27
Info (12128): Elaborating entity "reg_8bit" for hierarchy "CPU:U_CPU|barramento:U_REG|reg_8bit:P4" File: /home/paula/github/Laboratorio-de-Sistemas-Digitais/TP/Structural/barramento/barramento.vhd Line: 31
Info (12128): Elaborating entity "reg_8bit" for hierarchy "CPU:U_CPU|barramento:U_REG|reg_8bit:P5" File: /home/paula/github/Laboratorio-de-Sistemas-Digitais/TP/Structural/barramento/barramento.vhd Line: 35
Info (12128): Elaborating entity "reg_8bit" for hierarchy "CPU:U_CPU|barramento:U_REG|reg_8bit:P6" File: /home/paula/github/Laboratorio-de-Sistemas-Digitais/TP/Structural/barramento/barramento.vhd Line: 39
Info (12128): Elaborating entity "reg_8bit" for hierarchy "CPU:U_CPU|barramento:U_REG|reg_8bit:P7" File: /home/paula/github/Laboratorio-de-Sistemas-Digitais/TP/Structural/barramento/barramento.vhd Line: 43
Warning (13046): Tri-state node(s) do not directly drive top-level pin(s)
    Warning (13047): Converted the fan-out from the tri-state buffer "CPU:U_CPU|arithmetic_control:U_AC|DATA[0]" to the node "CPU:U_CPU|arithmetic_control:U_AC|ALU:U_ALU|Y" into an OR gate File: /home/paula/github/Laboratorio-de-Sistemas-Digitais/TP/Structural/arithmetic_control/arithmetic_control.vhd Line: 13
    Warning (13047): Converted the fan-out from the tri-state buffer "CPU:U_CPU|arithmetic_control:U_AC|DATA[1]" to the node "CPU:U_CPU|arithmetic_control:U_AC|ALU:U_ALU|Y" into an OR gate File: /home/paula/github/Laboratorio-de-Sistemas-Digitais/TP/Structural/arithmetic_control/arithmetic_control.vhd Line: 13
    Warning (13047): Converted the fan-out from the tri-state buffer "CPU:U_CPU|arithmetic_control:U_AC|DATA[2]" to the node "CPU:U_CPU|arithmetic_control:U_AC|ALU:U_ALU|Mux6" into an OR gate File: /home/paula/github/Laboratorio-de-Sistemas-Digitais/TP/Structural/arithmetic_control/arithmetic_control.vhd Line: 13
    Warning (13047): Converted the fan-out from the tri-state buffer "CPU:U_CPU|arithmetic_control:U_AC|DATA[3]" to the node "CPU:U_CPU|arithmetic_control:U_AC|ALU:U_ALU|Y" into an OR gate File: /home/paula/github/Laboratorio-de-Sistemas-Digitais/TP/Structural/arithmetic_control/arithmetic_control.vhd Line: 13
    Warning (13047): Converted the fan-out from the tri-state buffer "CPU:U_CPU|arithmetic_control:U_AC|DATA[4]" to the node "CPU:U_CPU|arithmetic_control:U_AC|ALU:U_ALU|Mux4" into an OR gate File: /home/paula/github/Laboratorio-de-Sistemas-Digitais/TP/Structural/arithmetic_control/arithmetic_control.vhd Line: 13
    Warning (13047): Converted the fan-out from the tri-state buffer "CPU:U_CPU|arithmetic_control:U_AC|DATA[5]" to the node "CPU:U_CPU|arithmetic_control:U_AC|ALU:U_ALU|Y" into an OR gate File: /home/paula/github/Laboratorio-de-Sistemas-Digitais/TP/Structural/arithmetic_control/arithmetic_control.vhd Line: 13
    Warning (13047): Converted the fan-out from the tri-state buffer "CPU:U_CPU|arithmetic_control:U_AC|DATA[6]" to the node "CPU:U_CPU|arithmetic_control:U_AC|ALU:U_ALU|Mux2" into an OR gate File: /home/paula/github/Laboratorio-de-Sistemas-Digitais/TP/Structural/arithmetic_control/arithmetic_control.vhd Line: 13
    Warning (13047): Converted the fan-out from the tri-state buffer "CPU:U_CPU|arithmetic_control:U_AC|DATA[7]" to the node "CPU:U_CPU|arithmetic_control:U_AC|ALU:U_ALU|Mux1" into an OR gate File: /home/paula/github/Laboratorio-de-Sistemas-Digitais/TP/Structural/arithmetic_control/arithmetic_control.vhd Line: 13
Info (286030): Timing-Driven Synthesis is running
Info (17049): 1 registers lost all their fanouts during netlist optimizations.
Info (16010): Generating hard_block partition "hard_block:auto_generated_inst"
    Info (16011): Adding 0 node(s), including 0 DDIO, 0 PLL, 0 transceiver and 0 LCELL
Info (21057): Implemented 246 device resources after synthesis - the final resource count might be different
    Info (21058): Implemented 16 input pins
    Info (21059): Implemented 8 output pins
    Info (21061): Implemented 222 logic cells
Info: Quartus Prime Analysis & Synthesis was successful. 0 errors, 11 warnings
    Info: Peak virtual memory: 459 megabytes
    Info: Processing ended: Fri Dec  5 00:28:44 2025
    Info: Elapsed time: 00:00:16
    Info: Total CPU time (on all processors): 00:00:29


